# Logfile created on Wed Apr 14 00:17:16 -0700 2010  [4;36;1mSQL (0.3ms)[0m   [0;1mSET client_min_messages TO 'panic'[0m
  [4;35;1mSQL (0.2ms)[0m   [0mSET client_min_messages TO 'notice'[0m
  [4;36;1mSQL (0.3ms)[0m   [0;1mSET client_encoding TO 'unicode'[0m
  [4;36;1mSQL (0.3ms)[0m   [0;1mSET client_min_messages TO 'panic'[0m
  [4;35;1mSQL (0.2ms)[0m   [0mSET client_min_messages TO 'notice'[0m
  [4;36;1mSQL (0.3ms)[0m   [0;1mSET client_encoding TO 'unicode'[0m
  [4;35;1mUser Load (179.3ms)[0m   [0mSELECT * FROM "users" LIMIT 1[0m
  [4;36;1mSQL (0.3ms)[0m   [0;1mSET client_min_messages TO 'panic'[0m
  [4;35;1mSQL (0.2ms)[0m   [0mSET client_min_messages TO 'notice'[0m
  [4;36;1mSQL (0.3ms)[0m   [0;1mSET client_encoding TO 'unicode'[0m
  [4;35;1mSQL (547.3ms)[0m   [0mCREATE TABLE "admins" ("id" serial primary key, "email" character varying(255) NOT NULL, "encrypted_password" character varying(40) NOT NULL, "password_salt" character varying(255) NOT NULL, "created_at" timestamp, "updated_at" timestamp) [0m
  [4;36;1mSQL (43.2ms)[0m   [0;1mDROP TABLE "users"[0m
  [4;35;1mSQL (52.6ms)[0m   [0mCREATE TABLE "users" ("id" serial primary key, "email" character varying(255) NOT NULL, "encrypted_password" character varying(40) NOT NULL, "password_salt" character varying(255) NOT NULL, "confirmation_token" character varying(20), "confirmed_at" timestamp, "confirmation_sent_at" timestamp, "reset_password_token" character varying(20), "remember_token" character varying(20), "remember_created_at" timestamp, "sign_in_count" integer, "current_sign_in_at" timestamp, "last_sign_in_at" timestamp, "current_sign_in_ip" character varying(255), "last_sign_in_ip" character varying(255), "failed_attempts" integer DEFAULT 0, "unlock_token" character varying(20), "locked_at" timestamp, "created_at" timestamp, "updated_at" timestamp) [0m
  [4;36;1mSQL (71.0ms)[0m   [0;1mSELECT version FROM "schema_migrations"[0m
  [4;35;1mSQL (80.4ms)[0m   [0mINSERT INTO "schema_migrations" (version) VALUES ('20091009223419')[0m
  [4;36;1mSQL (1.0ms)[0m   [0;1mINSERT INTO "schema_migrations" (version) VALUES ('20090916131255')[0m
  [4;36;1mSQL (0.2ms)[0m   [0;1mSET client_min_messages TO 'panic'[0m
  [4;35;1mSQL (0.2ms)[0m   [0mSET client_min_messages TO 'notice'[0m
  [4;36;1mSQL (0.2ms)[0m   [0;1mSET client_encoding TO 'unicode'[0m
  [4;35;1mSQL (1.3ms)[0m   [0mSELECT version FROM schema_migrations[0m
Migrating to CreateUsers (20090916131255)
Migrating to CreateAdmins (20091009223419)
  [4;36;1mSQL (0.5ms)[0m   [0;1mSELECT version FROM schema_migrations[0m
  [4;35;1mSQL (0.4ms)[0m   [0mBEGIN[0m
  [4;36;1mUser Load (2.1ms)[0m   [0;1mSELECT "users".id FROM "users" WHERE ("users"."email" = E'user@test.com') LIMIT 1[0m
  [4;35;1mSQL (49.4ms)[0m   [0mINSERT INTO "users" ("encrypted_password", "failed_attempts", "created_at", "confirmation_sent_at", "last_sign_in_ip", "updated_at", "last_sign_in_at", "sign_in_count", "password_salt", "reset_password_token", "remember_token", "current_sign_in_ip", "confirmation_token", "remember_created_at", "current_sign_in_at", "locked_at", "email", "confirmed_at", "unlock_token") VALUES(E'130eefedd3d095aef44a4c867e0724c8dc31e1b8', 0, '2010-04-14 07:20:17.323707', '2010-04-14 07:20:17.245260', NULL, '2010-04-14 07:20:17.323707', NULL, NULL, E'MStaC8CXB-bfsDnAjCzR', NULL, NULL, NULL, E'Tzh89RLAeobmWxnkdkHH', NULL, NULL, NULL, E'user@test.com', NULL, NULL) RETURNING "id"[0m
Sent mail to user@test.com

Date: Wed, 14 Apr 2010 00:20:17 -0700
From: please-change-me@config-initializers-devise.com
To: user@test.com
Subject: Confirmation instructions
Mime-Version: 1.0
Content-Type: text/html; charset=utf-8

<p>Welcome user@test.com!</p>

<p>You can confirm your account through the link below:</p>

<p><a href="http://localhost:3000/users/confirmation?confirmation_token=Tzh89RLAeobmWxnkdkHH">Confirm my account</a></p>
  [4;36;1mSQL (1.3ms)[0m   [0;1mCOMMIT[0m
  [4;35;1mSQL (0.3ms)[0m   [0mBEGIN[0m
  [4;36;1mUser Update (0.8ms)[0m   [0;1mUPDATE "users" SET "updated_at" = '2010-04-14 07:20:17.690279', "confirmed_at" = '2010-04-14 07:20:17.689528', "confirmation_token" = NULL WHERE "id" = 1[0m
  [4;35;1mSQL (0.8ms)[0m   [0mCOMMIT[0m
  [4;36;1mSQL (0.3ms)[0m   [0;1mBEGIN[0m
  [4;35;1mAdmin Load (0.7ms)[0m   [0mSELECT "admins".id FROM "admins" WHERE ("admins"."email" = E'admin@test.com') LIMIT 1[0m
  [4;36;1mSQL (1.0ms)[0m   [0;1mINSERT INTO "admins" ("encrypted_password", "created_at", "updated_at", "password_salt", "email") VALUES(E'76bee6b40a1d60c695ef4906cd84c114c7ca69a1', '2010-04-14 07:20:17.699360', '2010-04-14 07:20:17.699360', E'xZoQkL95kGutL2oQK27o', E'admin@test.com') RETURNING "id"[0m
  [4;35;1mSQL (0.9ms)[0m   [0mCOMMIT[0m
  [4;36;1mSQL (0.3ms)[0m   [0;1mSET client_min_messages TO 'panic'[0m
  [4;35;1mSQL (0.3ms)[0m   [0mSET client_min_messages TO 'notice'[0m
  [4;36;1mSQL (0.3ms)[0m   [0;1mSET client_encoding TO 'unicode'[0m


Processing HomeController#index (for 127.0.0.1 at 2010-04-14 00:22:52) [GET]
  Parameters: {"action"=>"index", "controller"=>"home"}
Rendering template within layouts/application
Rendering home/index
Completed in 138ms (View: 136, DB: 1) | 200 OK [http://localhost/]
  [4;35;1mSQL (0.3ms)[0m   [0mSET client_min_messages TO 'panic'[0m
  [4;36;1mSQL (0.2ms)[0m   [0;1mSET client_min_messages TO 'notice'[0m
  [4;35;1mSQL (0.3ms)[0m   [0mSET client_encoding TO 'unicode'[0m


Processing ApplicationController#index (for 127.0.0.1 at 2010-04-14 00:22:53) [GET]

ActionController::RoutingError (No route matches "/favicon.ico" with {:method=>:get, :canvas=>false}):
  warden (0.9.5) [v] lib/warden/manager.rb:34:in `call'
  warden (0.9.5) [v] lib/warden/manager.rb:33:in `catch'
  warden (0.9.5) [v] lib/warden/manager.rb:33:in `call'

Rendering /Users/yan/dev/m2/vendor/plugins/facebooker/templates/layout.erb (200)
  [4;36;1mSQL (0.3ms)[0m   [0;1mSET client_min_messages TO 'panic'[0m
  [4;35;1mSQL (0.2ms)[0m   [0mSET client_min_messages TO 'notice'[0m
  [4;36;1mSQL (0.3ms)[0m   [0;1mSET client_encoding TO 'unicode'[0m


Processing RegistrationsController#new (for 127.0.0.1 at 2010-04-14 00:22:55) [GET]
  Parameters: {"action"=>"new", "controller"=>"registrations"}
Rendering template within layouts/application
Rendering registrations/new
Rendered shared/_devise_links (2.9ms)
Completed in 36ms (View: 22, DB: 1) | 200 OK [http://localhost/users/sign_up]
  [4;35;1mSQL (0.3ms)[0m   [0mSET client_min_messages TO 'panic'[0m
  [4;36;1mSQL (0.2ms)[0m   [0;1mSET client_min_messages TO 'notice'[0m
  [4;35;1mSQL (0.3ms)[0m   [0mSET client_encoding TO 'unicode'[0m


Processing RegistrationsController#create (for 127.0.0.1 at 2010-04-14 00:23:01) [POST]
  Parameters: {"commit"=>"Sign up", "action"=>"create", "authenticity_token"=>"M/bNJXeNjgE3x0y+E6WMwwut8U8DsfYNg5jKCiI4R3Q=", "controller"=>"registrations", "user"=>{"password_confirmation"=>"[FILTERED]", "password"=>"[FILTERED]", "email"=>"yan@pritzker.ws"}}
  [4;36;1mSQL (0.4ms)[0m   [0;1mBEGIN[0m
  [4;35;1mUser Load (1.5ms)[0m   [0mSELECT "users".id FROM "users" WHERE ("users"."email" = E'yan@pritzker.ws') LIMIT 1[0m
  [4;36;1mSQL (0.3ms)[0m   [0;1mROLLBACK[0m
Rendering template within layouts/application
Rendering registrations/new
Rendered shared/_devise_links (1.7ms)
Completed in 37ms (View: 12, DB: 3) | 200 OK [http://localhost/users]
  [4;35;1mSQL (0.3ms)[0m   [0mSET client_min_messages TO 'panic'[0m
  [4;36;1mSQL (0.2ms)[0m   [0;1mSET client_min_messages TO 'notice'[0m
  [4;35;1mSQL (0.3ms)[0m   [0mSET client_encoding TO 'unicode'[0m


Processing HomeController#index (for 127.0.0.1 at 2010-04-14 00:23:34) [GET]
  Parameters: {"action"=>"index", "controller"=>"home"}
Rendering template within layouts/application
Rendering home/index
Completed in 5ms (View: 3, DB: 1) | 200 OK [http://localhost/]
  [4;36;1mSQL (0.3ms)[0m   [0;1mSET client_min_messages TO 'panic'[0m
  [4;35;1mSQL (0.3ms)[0m   [0mSET client_min_messages TO 'notice'[0m
  [4;36;1mSQL (0.4ms)[0m   [0;1mSET client_encoding TO 'unicode'[0m


Processing SessionsController#new (for 127.0.0.1 at 2010-04-14 00:23:36) [GET]
  Parameters: {"action"=>"new", "controller"=>"sessions"}
Rendering template within layouts/application
Rendering sessions/new
Rendered shared/_devise_links (1.8ms)
Completed in 30ms (View: 17, DB: 1) | 200 OK [http://localhost/users/sign_in]
  [4;35;1mSQL (0.3ms)[0m   [0mSET client_min_messages TO 'panic'[0m
  [4;36;1mSQL (0.2ms)[0m   [0;1mSET client_min_messages TO 'notice'[0m
  [4;35;1mSQL (0.3ms)[0m   [0mSET client_encoding TO 'unicode'[0m


Processing PasswordsController#new (for 127.0.0.1 at 2010-04-14 00:23:38) [GET]
  Parameters: {"action"=>"new", "controller"=>"passwords"}
Rendering template within layouts/application
Rendering passwords/new
Rendered shared/_devise_links (1.6ms)
Completed in 27ms (View: 15, DB: 1) | 200 OK [http://localhost/users/password/new]
  [4;36;1mSQL (0.3ms)[0m   [0;1mSET client_min_messages TO 'panic'[0m
  [4;35;1mSQL (0.2ms)[0m   [0mSET client_min_messages TO 'notice'[0m
  [4;36;1mSQL (0.3ms)[0m   [0;1mSET client_encoding TO 'unicode'[0m


Processing PasswordsController#new (for 127.0.0.1 at 2010-04-14 00:23:39) [GET]
  Parameters: {"action"=>"new", "controller"=>"passwords"}
Rendering template within layouts/application
Rendering passwords/new
Rendered shared/_devise_links (4.6ms)
Completed in 25ms (View: 12, DB: 1) | 200 OK [http://localhost/users/password/new]
  [4;35;1mSQL (0.8ms)[0m   [0mSET client_min_messages TO 'panic'[0m
  [4;36;1mSQL (0.3ms)[0m   [0;1mSET client_min_messages TO 'notice'[0m
  [4;35;1mSQL (0.4ms)[0m   [0mSET client_encoding TO 'unicode'[0m


Processing ApplicationController#index (for 127.0.0.1 at 2010-04-14 00:23:39) [GET]

ActionController::RoutingError (No route matches "/favicon.ico" with {:method=>:get, :canvas=>false}):
  warden (0.9.5) [v] lib/warden/manager.rb:34:in `call'
  warden (0.9.5) [v] lib/warden/manager.rb:33:in `catch'
  warden (0.9.5) [v] lib/warden/manager.rb:33:in `call'

Rendering /Users/yan/dev/m2/vendor/plugins/facebooker/templates/layout.erb (200)
  [4;36;1mSQL (0.3ms)[0m   [0;1mSET client_min_messages TO 'panic'[0m
  [4;35;1mSQL (0.2ms)[0m   [0mSET client_min_messages TO 'notice'[0m
  [4;36;1mSQL (0.3ms)[0m   [0;1mSET client_encoding TO 'unicode'[0m


Processing PasswordsController#create (for 127.0.0.1 at 2010-04-14 00:23:45) [POST]
  Parameters: {"commit"=>"Send me reset password instructions", "action"=>"create", "authenticity_token"=>"M/bNJXeNjgE3x0y+E6WMwwut8U8DsfYNg5jKCiI4R3Q=", "controller"=>"passwords", "user"=>{"email"=>"asdfasdf"}}
  [4;35;1mUser Load (3.6ms)[0m   [0mSELECT * FROM "users" WHERE ("users"."email" = E'asdfasdf') LIMIT 1[0m
Rendering template within layouts/application
Rendering passwords/new
Rendered shared/_devise_links (1.7ms)
Completed in 154ms (View: 87, DB: 4) | 200 OK [http://localhost/users/password]
  [4;36;1mSQL (0.3ms)[0m   [0;1mSET client_min_messages TO 'panic'[0m
  [4;35;1mSQL (0.2ms)[0m   [0mSET client_min_messages TO 'notice'[0m
  [4;36;1mSQL (0.3ms)[0m   [0;1mSET client_encoding TO 'unicode'[0m


Processing SessionsController#new (for 127.0.0.1 at 2010-04-14 00:23:47) [GET]
  Parameters: {"action"=>"new", "controller"=>"sessions"}
Rendering template within layouts/application
Rendering sessions/new
Rendered shared/_devise_links (4.5ms)
Completed in 25ms (View: 12, DB: 1) | 200 OK [http://localhost/users/sign_in]
  [4;35;1mSQL (0.3ms)[0m   [0mSET client_min_messages TO 'panic'[0m
  [4;36;1mSQL (0.3ms)[0m   [0;1mSET client_min_messages TO 'notice'[0m
  [4;35;1mSQL (0.3ms)[0m   [0mSET client_encoding TO 'unicode'[0m


Processing HomeController#index (for 127.0.0.1 at 2010-04-14 00:23:49) [GET]
  Parameters: {"action"=>"index", "controller"=>"home"}
Rendering template within layouts/application
Rendering home/index
Completed in 5ms (View: 3, DB: 1) | 200 OK [http://localhost/]
  [4;36;1mSQL (0.3ms)[0m   [0;1mSET client_min_messages TO 'panic'[0m
  [4;35;1mSQL (0.2ms)[0m   [0mSET client_min_messages TO 'notice'[0m
  [4;36;1mSQL (0.9ms)[0m   [0;1mSET client_encoding TO 'unicode'[0m


Processing HomeController#index (for 127.0.0.1 at 2010-04-14 00:23:50) [GET]
  Parameters: {"action"=>"index", "controller"=>"home"}
Rendering template within layouts/application
Rendering home/index
Completed in 5ms (View: 3, DB: 1) | 200 OK [http://localhost/]
  [4;35;1mSQL (0.3ms)[0m   [0mSET client_min_messages TO 'panic'[0m
  [4;36;1mSQL (0.6ms)[0m   [0;1mSET client_min_messages TO 'notice'[0m
  [4;35;1mSQL (0.3ms)[0m   [0mSET client_encoding TO 'unicode'[0m


Processing ApplicationController#index (for 127.0.0.1 at 2010-04-14 00:23:50) [GET]

ActionController::RoutingError (No route matches "/favicon.ico" with {:method=>:get, :canvas=>false}):
  warden (0.9.5) [v] lib/warden/manager.rb:34:in `call'
  warden (0.9.5) [v] lib/warden/manager.rb:33:in `catch'
  warden (0.9.5) [v] lib/warden/manager.rb:33:in `call'

Rendering /Users/yan/dev/m2/vendor/plugins/facebooker/templates/layout.erb (200)
  [4;36;1mSQL (0.3ms)[0m   [0;1mSET client_min_messages TO 'panic'[0m
  [4;35;1mSQL (0.2ms)[0m   [0mSET client_min_messages TO 'notice'[0m
  [4;36;1mSQL (0.3ms)[0m   [0;1mSET client_encoding TO 'unicode'[0m


Processing RegistrationsController#new (for 127.0.0.1 at 2010-04-14 00:23:56) [GET]
  Parameters: {"action"=>"new", "controller"=>"registrations"}
Rendering template within layouts/application
Rendering registrations/new
Rendered shared/_devise_links (3.2ms)
Completed in 20ms (View: 9, DB: 1) | 200 OK [http://localhost/admin/sign_up]
  [4;35;1mSQL (0.3ms)[0m   [0mSET client_min_messages TO 'panic'[0m
  [4;36;1mSQL (0.2ms)[0m   [0;1mSET client_min_messages TO 'notice'[0m
  [4;35;1mSQL (0.3ms)[0m   [0mSET client_encoding TO 'unicode'[0m


Processing RegistrationsController#create (for 127.0.0.1 at 2010-04-14 00:24:22) [POST]
  Parameters: {"commit"=>"Sign up", "action"=>"create", "authenticity_token"=>"M/bNJXeNjgE3x0y+E6WMwwut8U8DsfYNg5jKCiI4R3Q=", "admin"=>{"password_confirmation"=>"[FILTERED]", "password"=>"[FILTERED]", "email"=>"yan@pritzker.ws"}, "controller"=>"registrations"}
  [4;36;1mSQL (0.3ms)[0m   [0;1mBEGIN[0m
  [4;35;1mAdmin Load (1.2ms)[0m   [0mSELECT "admins".id FROM "admins" WHERE ("admins"."email" = E'yan@pritzker.ws') LIMIT 1[0m
  [4;36;1mSQL (1.2ms)[0m   [0;1mINSERT INTO "admins" ("encrypted_password", "created_at", "updated_at", "password_salt", "email") VALUES(E'e8c266cd88150c90e013fe553b3eb104c8c3b792', '2010-04-14 07:24:22.161546', '2010-04-14 07:24:22.161546', E'NGZqZrbobEHNVO5-qqDw', E'yan@pritzker.ws') RETURNING "id"[0m
  [4;35;1mSQL (1.9ms)[0m   [0mCOMMIT[0m
Redirected to http://localhost:3000/
Completed in 119ms (DB: 5) | 302 Found [http://localhost/admin]
  [4;36;1mSQL (0.4ms)[0m   [0;1mSET client_min_messages TO 'panic'[0m
  [4;35;1mSQL (0.2ms)[0m   [0mSET client_min_messages TO 'notice'[0m
  [4;36;1mSQL (0.3ms)[0m   [0;1mSET client_encoding TO 'unicode'[0m


Processing HomeController#index (for 127.0.0.1 at 2010-04-14 00:24:22) [GET]
  Parameters: {"action"=>"index", "controller"=>"home"}
Rendering template within layouts/application
Rendering home/index
  [4;35;1mAdmin Load (2.4ms)[0m   [0mSELECT * FROM "admins" WHERE ("admins"."id" = 2) LIMIT 1[0m
Completed in 48ms (View: 43, DB: 3) | 200 OK [http://localhost/]
  [4;36;1mSQL (0.3ms)[0m   [0;1mSET client_min_messages TO 'panic'[0m
  [4;35;1mSQL (0.2ms)[0m   [0mSET client_min_messages TO 'notice'[0m
  [4;36;1mSQL (0.3ms)[0m   [0;1mSET client_encoding TO 'unicode'[0m


Processing AdminsController#index (for 127.0.0.1 at 2010-04-14 00:24:25) [GET]
  Parameters: {"action"=>"index", "controller"=>"admins"}
  [4;35;1mAdmin Load (2.4ms)[0m   [0mSELECT * FROM "admins" WHERE ("admins"."id" = 2) LIMIT 1[0m
Rendering template within layouts/application
Rendering admins/index
Completed in 22ms (View: 9, DB: 3) | 200 OK [http://localhost/admins]
  [4;36;1mSQL (0.3ms)[0m   [0;1mSET client_min_messages TO 'panic'[0m
  [4;35;1mSQL (0.2ms)[0m   [0mSET client_min_messages TO 'notice'[0m
  [4;36;1mSQL (0.3ms)[0m   [0;1mSET client_encoding TO 'unicode'[0m


Processing HomeController#index (for 127.0.0.1 at 2010-04-14 00:24:26) [GET]
  Parameters: {"action"=>"index", "controller"=>"home"}
Rendering template within layouts/application
Rendering home/index
  [4;35;1mAdmin Load (2.4ms)[0m   [0mSELECT * FROM "admins" WHERE ("admins"."id" = 2) LIMIT 1[0m
Completed in 18ms (View: 13, DB: 3) | 200 OK [http://localhost/]
  [4;36;1mSQL (0.3ms)[0m   [0;1mSET client_min_messages TO 'panic'[0m
  [4;35;1mSQL (0.2ms)[0m   [0mSET client_min_messages TO 'notice'[0m
  [4;36;1mSQL (0.3ms)[0m   [0;1mSET client_encoding TO 'unicode'[0m


Processing HomeController#index (for 127.0.0.1 at 2010-04-14 00:24:36) [GET]
  Parameters: {"action"=>"index", "controller"=>"home"}
Rendering template within layouts/application
Rendering home/index
  [4;35;1mAdmin Load (2.5ms)[0m   [0mSELECT * FROM "admins" WHERE ("admins"."id" = 2) LIMIT 1[0m
Completed in 17ms (View: 13, DB: 3) | 200 OK [http://localhost/]
